<?xml version="1.0" encoding="UTF-8"?>
<!-- Generated by org.testng.reporters.JUnitReportReporter -->
<testsuite hostname="Pndtprashant" failures="0" tests="3" name="runner.RunTest" time="21.694" errors="0" timestamp="22 May 2023 08:29:11 GMT" skipped="0">
  <testcase classname="runner.RunTest" name="runScenario" time="8.119"/>
  <testcase classname="runner.RunTest" name="runScenario" time="7.972"/>
  <testcase classname="runner.RunTest" name="runScenario" time="5.603"/>
</testsuite> <!-- runner.RunTest -->
